<?xml version="1.0" encoding="UTF-8"?>
<testsuite name="ReverseStringTest" tests="6" skipped="0" failures="0" errors="0" timestamp="2019-10-31T14:17:45" hostname="ELSLABM-156787" time="0.017">
  <properties/>
  <testcase name="testAWord" classname="ReverseStringTest" time="0.013"/>
  <testcase name="testAnEmptyString" classname="ReverseStringTest" time="0.0"/>
  <testcase name="testACapitalizedWord" classname="ReverseStringTest" time="0.0"/>
  <testcase name="testASentenceWithPunctuation" classname="ReverseStringTest" time="0.001"/>
  <testcase name="testAPalindrome" classname="ReverseStringTest" time="0.001"/>
  <testcase name="testAnEvenSizedWord" classname="ReverseStringTest" time="0.001"/>
  <system-out><![CDATA[5
5
5
5
5
5
5
5
5
5
11
11
11
11
11
11
11
11
11
11
11
7
7
7
7
7
7
7
6
6
6
6
6
6
]]></system-out>
  <system-err><![CDATA[]]></system-err>
</testsuite>
